1608834337286:exit
1608834371464:help
1608834388989:ins 1 2 3 Rybuf
1608834392059:show
1608834401521:update 1 3
1608834404284:show
1608834410837:del 1
1608834413692:show
1608834418388:exit
1608834893409:help
1608834907065:upd 1 2 3
1608834921857:del 2
1608834941464:exit
1608840795377:ins 1 1 1 eee
1608840802080:upd 1 2
1608840922199:ins 1 1 1 eee
1608840927328:upd 1 2
1608840932808:upd 2
1608840991286:ins 1 1 1 eee
1608840994715:upd 2
1608841245585:exit
1608841558065:upd 1 2
1608841708792:upd 2
1608841745496:ins 1 1 1 rrr
1608841748511:upd 1
1608841821711:ins 1 1 1 ee
1608841824308:upd 1
1608841897193:ins 1 1 1 ee
1608841899639:upd 1
1608841932102:upd 2
1608842282370:ins 1 1 1 eee
1608842285844:upd 2
1608842294988:upd 1 2 2 rrr
1608842298587:exit
1608842513123:ins 1 1 1 ee
1608842520968:upd 2
1608842525383:exit
1608843085179:show
1608843093703:ins 1 1 1 Book1
1608843105751:ins 2 2 2 Book2
1608843115207:upd 2 3 3
1608843119020:show
1608843128195:upd 3
1608843134379:del 3
1608843138459:del 2
1608843141930:show
1608843146282:exit
1608995171525:EXIT
1608995175024:exit
1608997616721:help
1608997621285:show
1608997628654:ins 1 1 1 eee
1608997638046:ins 2 2 2 rrrrr
1608997640597:show
1608997666714:exit
1608997799764:ins 1 1 1 Bok1
1608997808653:ins 2 2 2 Book2
1608997810875:show
1608997823474:exit
1608998124907:ins 1 2 3 tttt
1608998132006:ins 2 2 3 rrr
1608998134418:show
1608998145162:exit
